<?xml version="1.0" encoding="UTF-8"?>
<testng-results ignored="0" total="1" passed="1" failed="0" skipped="0">
  <reporter-output>
  </reporter-output>
  <suite started-at="2022-12-07T18:52:03 IST" name="Default suite" finished-at="2022-12-07T18:52:48 IST" duration-ms="45438">
    <groups>
    </groups>
    <test started-at="2022-12-07T18:52:03 IST" name="Default test" finished-at="2022-12-07T18:52:48 IST" duration-ms="45438">
      <class name="com.anm.Tests.FirstTest">
        <test-method is-config="true" signature="beforeMethod()[pri:0, instance:com.anm.Tests.FirstTest@3cebbb30]" started-at="2022-12-07T18:52:03 IST" name="beforeMethod" finished-at="2022-12-07T18:52:17 IST" duration-ms="13595" status="PASS">
          <reporter-output>
          </reporter-output>
        </test-method> <!-- beforeMethod -->
        <test-method signature="TestTricentis()[pri:0, instance:com.anm.Tests.FirstTest@3cebbb30]" started-at="2022-12-07T18:52:17 IST" name="TestTricentis" finished-at="2022-12-07T18:52:47 IST" duration-ms="30158" status="PASS">
          <reporter-output>
          </reporter-output>
        </test-method> <!-- TestTricentis -->
        <test-method is-config="true" signature="afterMethod()[pri:0, instance:com.anm.Tests.FirstTest@3cebbb30]" started-at="2022-12-07T18:52:47 IST" name="afterMethod" finished-at="2022-12-07T18:52:48 IST" duration-ms="1546" status="PASS">
          <reporter-output>
          </reporter-output>
        </test-method> <!-- afterMethod -->
      </class> <!-- com.anm.Tests.FirstTest -->
    </test> <!-- Default test -->
  </suite> <!-- Default suite -->
</testng-results>
