<?xml version="1.0" encoding="UTF-8"?>
<testng-results ignored="0" total="5" passed="5" failed="0" skipped="0">
  <reporter-output>
  </reporter-output>
  <suite started-at="2022-12-12T18:19:06 IST" name="Suite" finished-at="2022-12-12T18:19:44 IST" duration-ms="38212">
    <groups>
    </groups>
    <test started-at="2022-12-12T18:19:06 IST" name="Test" finished-at="2022-12-12T18:19:44 IST" duration-ms="38212">
      <class name="com.anm.Tests.FirstTest">
        <test-method is-config="true" signature="beforeClass()[pri:0, instance:com.anm.Tests.FirstTest@5e600dd5]" started-at="2022-12-12T18:19:06 IST" name="beforeClass" finished-at="2022-12-12T18:19:18 IST" duration-ms="12115" status="PASS">
          <reporter-output>
          </reporter-output>
        </test-method> <!-- beforeClass -->
        <test-method signature="Login()[pri:1, instance:com.anm.Tests.FirstTest@5e600dd5]" started-at="2022-12-12T18:19:18 IST" name="Login" finished-at="2022-12-12T18:19:21 IST" duration-ms="2610" status="PASS">
          <reporter-output>
          </reporter-output>
        </test-method> <!-- Login -->
        <test-method signature="OrderProduct()[pri:2, instance:com.anm.Tests.FirstTest@5e600dd5]" started-at="2022-12-12T18:19:21 IST" name="OrderProduct" finished-at="2022-12-12T18:19:30 IST" duration-ms="9073" status="PASS">
          <reporter-output>
          </reporter-output>
        </test-method> <!-- OrderProduct -->
        <test-method signature="DoCheckout()[pri:3, instance:com.anm.Tests.FirstTest@5e600dd5]" started-at="2022-12-12T18:19:30 IST" name="DoCheckout" finished-at="2022-12-12T18:19:32 IST" duration-ms="2080" status="PASS">
          <reporter-output>
          </reporter-output>
        </test-method> <!-- DoCheckout -->
        <test-method signature="DoPayment()[pri:4, instance:com.anm.Tests.FirstTest@5e600dd5]" started-at="2022-12-12T18:19:32 IST" name="DoPayment" finished-at="2022-12-12T18:19:41 IST" duration-ms="8906" status="PASS">
          <reporter-output>
          </reporter-output>
        </test-method> <!-- DoPayment -->
        <test-method signature="PostCondition()[pri:5, instance:com.anm.Tests.FirstTest@5e600dd5]" started-at="2022-12-12T18:19:41 IST" name="PostCondition" finished-at="2022-12-12T18:19:43 IST" duration-ms="2017" status="PASS">
          <reporter-output>
          </reporter-output>
        </test-method> <!-- PostCondition -->
        <test-method is-config="true" signature="afterClass()[pri:0, instance:com.anm.Tests.FirstTest@5e600dd5]" started-at="2022-12-12T18:19:43 IST" name="afterClass" finished-at="2022-12-12T18:19:44 IST" duration-ms="1225" status="PASS">
          <reporter-output>
          </reporter-output>
        </test-method> <!-- afterClass -->
      </class> <!-- com.anm.Tests.FirstTest -->
    </test> <!-- Test -->
  </suite> <!-- Suite -->
</testng-results>
