<?xml version="1.0" encoding="UTF-8"?>
<!-- Generated by org.testng.reporters.JUnitXMLReporter -->
<testsuite ignored="0" hostname="BDC3-LX-1309QM2" failures="0" tests="5" name="Default test" time="38.259" errors="0" timestamp="2022-12-12T18:16:26 IST">
  <testcase classname="com.anm.Tests.FirstTest" name="Login" time="2.831"/>
  <testcase classname="com.anm.Tests.FirstTest" name="OrderProduct" time="8.515"/>
  <testcase classname="com.anm.Tests.FirstTest" name="DoCheckout" time="1.929"/>
  <testcase classname="com.anm.Tests.FirstTest" name="DoPayment" time="7.641"/>
  <testcase classname="com.anm.Tests.FirstTest" name="PostCondition" time="1.726"/>
</testsuite> <!-- Default test -->
