<?xml version="1.0" encoding="UTF-8"?>
<!-- Generated by org.testng.reporters.JUnitXMLReporter -->
<testsuite ignored="0" hostname="BDC3-LX-1309QM2" failures="0" tests="5" name="Test" time="38.212" errors="0" timestamp="2022-12-12T18:19:44 IST">
  <testcase classname="com.anm.Tests.FirstTest" name="Login" time="2.61"/>
  <testcase classname="com.anm.Tests.FirstTest" name="OrderProduct" time="9.073"/>
  <testcase classname="com.anm.Tests.FirstTest" name="DoCheckout" time="2.08"/>
  <testcase classname="com.anm.Tests.FirstTest" name="DoPayment" time="8.906"/>
  <testcase classname="com.anm.Tests.FirstTest" name="PostCondition" time="2.017"/>
</testsuite> <!-- Test -->
